Rendering to 1024x1024 image
Loaded scene with 10 circles
Loaded scene with 10 circles
---------------------------------------------------------
Initializing CUDA for CudaRenderer
Found 1 CUDA devices
Device 0: Tesla T4
   SMs:        40
   Global mem: 15110 MB
   CUDA Cap:   7.5
---------------------------------------------------------

Running benchmark, 1 frames, beginning at frame 0 ...
Dumping frames to output_xxx.ppm
Copying image data from device
Wrote image file output_0000.ppm
Copying image data from device
***************** Correctness check passed **************************
Clear:    0.0939 ms
Advance:  0.0101 ms
Render:   0.1219 ms
Total:    0.2260 ms
File IO:  86.8102 ms

Overall:  0.1226 sec (note units are seconds)
