Rendering to 1024x1024 image
Loaded scene with 4 circles
Loaded scene with 4 circles
---------------------------------------------------------
Initializing CUDA for CudaRenderer
Found 1 CUDA devices
Device 0: Tesla T4
   SMs:        40
   Global mem: 15110 MB
   CUDA Cap:   7.5
---------------------------------------------------------

Running benchmark, 1 frames, beginning at frame 0 ...
Dumping frames to output_xxx.ppm
Copying image data from device
Wrote image file output_0000.ppm
Copying image data from device
***************** Correctness check passed **************************
Clear:    0.0986 ms
Advance:  0.0010 ms
Render:   0.1461 ms
Total:    0.2457 ms
File IO:  79.8539 ms

Overall:  0.1182 sec (note units are seconds)
